  Assembling test.asm...
test.asm(13): error A2001: immediate operand not allowed
C:\Program Files (x86)\Microsoft Visual Studio\2019\Professional\MSBuild\Microsoft\VC\v160\BuildCustomizations\masm.targets(70,5): error MSB3721: The command "ml.exe /c /nologo /Zi /Fo"Debug\test.obj" /W3 /errorReport:prompt /Fl /Tatest.asm" exited with code 1.
